;;; 
Import: Release 19.0.0.0.0 - Production on 木 5月 9 13:52:24 2024
Version 19.3.0.0.0

Copyright (c) 1982, 2019, Oracle and/or its affiliates.  All rights reserved.
;;; 
接続先: Oracle Database 19c Enterprise Edition Release 19.0.0.0.0 - Production
マスター表"SYS"."SYS_IMPORT_SCHEMA_01"は正常にロード/アンロードされました
"SYS"."SYS_IMPORT_SCHEMA_01"を起動しています: "/******** AS SYSDBA" schemas=(OSADMIN,OSRUNTIME,OSLOG) directory=DATA_BKUP_DIR dumpfile=outsys.dmp logfile=outsys_imp.log 
オブジェクト型SCHEMA_EXPORT/USERの処理中です
オブジェクト型SCHEMA_EXPORT/SYSTEM_GRANTの処理中です
オブジェクト型SCHEMA_EXPORT/DEFAULT_ROLEの処理中です
オブジェクト型SCHEMA_EXPORT/TABLESPACE_QUOTAの処理中です
オブジェクト型SCHEMA_EXPORT/PRE_SCHEMA/PROCACT_SCHEMAの処理中です
オブジェクト型SCHEMA_EXPORT/SEQUENCE/SEQUENCEの処理中です
オブジェクト型SCHEMA_EXPORT/TABLE/TABLEの処理中です
オブジェクト型SCHEMA_EXPORT/TABLE/TABLE_DATAの処理中です
. . "OSADMIN"."OSUSR_UTN_DEVICECO"              5.562 KB       2行がインポートされました
. . "OSADMIN"."OSLOG_SRVAPI_7"                      0 KB       0行がインポートされました
. . "OSADMIN"."OSSYS_DEVELOPER_DBCATALOG"       6.546 KB       1行がインポートされました
. . "OSADMIN"."OSSYS_ESPACE_MOBILE_CONFIGS"         0 KB       0行がインポートされました
. . "OSADMIN"."OSLOG_SCREEN_8"                      0 KB       0行がインポートされました
. . "OSADMIN"."OSSYS_SEGMENTATIONKIND"          7.148 KB       8行がインポートされました
. . "OSADMIN"."OSSYS_NATIVEAPPSTATUS"           8.914 KB       9行がインポートされました
. . "OSADMIN"."OSLOG_GENERAL_7"                     0 KB       0行がインポートされました
. . "OSADMIN"."OSLOG_GENERAL_4"                     0 KB       0行がインポートされました
. . "OSADMIN"."OSSYS_ESPACE"                     18.5 KB      22行がインポートされました
. . "OSADMIN"."OSUSR_I8Y__MLMENUSUBIT"              0 KB       0行がインポートされました
. . "OSADMIN"."OSLOG_ERROR_DETAIL_1"                0 KB       0行がインポートされました
. . "OSADMIN"."OSLOG_WEB_REFERENCE_2"               0 KB       0行がインポートされました
. . "OSADMIN"."OSUSR_6WD_CFGFBIN"                   0 KB       0行がインポートされました
. . "OSADMIN"."OLD_OSSYS_DEVELOPER_EXTENSION"       0 KB       0行がインポートされました
. . "OSADMIN"."OLD_OSSYS_EXTENSION_ACTION_PARAM"      0 KB       0行がインポートされました
. . "OSADMIN"."OSSYS__MLMOBILE_PLATFO"          7.031 KB       9行がインポートされました
. . "OSADMIN"."OSLOG_MR_DETAIL_9"                   0 KB       0行がインポートされました
. . "OSADMIN"."OSSYS_SHAREDCONFIGURATION"           0 KB       0行がインポートされました
. . "OSADMIN"."OSLOG_GENERAL_3"                     0 KB       0行がインポートされました
. . "OSADMIN"."OSSYS_VISIT"                         0 KB       0行がインポートされました
. . "OSADMIN"."OSSYS_CYCLIC_JOB_SHARED"         12.05 KB      32行がインポートされました
. . "OSADMIN"."OSSYS_SOLUTIONAPPLYSETTINGS"         0 KB       0行がインポートされました
. . "OSADMIN"."OSSYS_LICENSINGEMAILLOG"             0 KB       0行がインポートされました
. . "OSADMIN"."OSSYS_SOLUTION_REFERENCE"        7.976 KB      47行がインポートされました
. . "OSADMIN"."OSSYS_PRODUCT"                       0 KB       0行がインポートされました
. . "OSADMIN"."OSSYS_REPORT_TYPE_UI"            7.257 KB       9行がインポートされました
. . "OSADMIN"."OSSYS_APP_VERSION"                   0 KB       0行がインポートされました
. . "OSADMIN"."OSUSR_JCE_DISMISSE"                  0 KB       0行がインポートされました
. . "OSADMIN"."OSUSR_S41_FEEDBAC6"                  0 KB       0行がインポートされました
. . "OSADMIN"."OSUSR_S41_HTTPSTAT"              5.734 KB       9行がインポートされました
. . "OSADMIN"."OSSYS_APP_DEFINITION_MODULE"     6.710 KB      51行がインポートされました
. . "OSADMIN"."OSUSR_S41_BACKGROU"              5.578 KB       3行がインポートされました
. . "OSADMIN"."OSUSR_JCE_ERRORINF"              6.609 KB       6行がインポートされました
. . "OSADMIN"."OSSYS__MLPROCESS_STATU"          6.632 KB      12行がインポートされました
. . "OSADMIN"."OSLOG_GENERAL_2"                 212.1 KB    1110行がインポートされました
. . "OSADMIN"."OSSYS_NATIVERESOURCETYPE"        5.539 KB       2行がインポートされました
. . "OSADMIN"."OSSYS__MLSECURITY_REFE"          6.804 KB      15行がインポートされました
. . "OSADMIN"."OSSYS_AUTHPROVPROPNAMES"         6.148 KB       5行がインポートされました
. . "OSADMIN"."OSUSR_I8Y_MENUITEM"              6.054 KB       2行がインポートされました
. . "OSADMIN"."OSSYS_SEGMENTATIONRULE"              0 KB       0行がインポートされました
. . "OSADMIN"."OSSYS_ACTIVATION"                10.71 KB      29行がインポートされました
. . "OSADMIN"."OSSYS_BPM_PROCESS_INPUT"             0 KB       0行がインポートされました
. . "OSADMIN"."OSSYS_USERPOOL"                  7.414 KB       2行がインポートされました
. . "OSADMIN"."OSLTM_SERVERINVOCATIONFACT_V2"       0 KB       0行がインポートされました
. . "OSADMIN"."OSSYS_ASYNC_OP_STATE"            10.38 KB      22行がインポートされました
. . "OSADMIN"."OSSYS__MLFEATUREMANAGE"          8.757 KB      72行がインポートされました
. . "OSADMIN"."OSLOG_WEB_REFERENCE_3"               0 KB       0行がインポートされました
. . "OSADMIN"."OSLOG_MR_DETAIL_4"                   0 KB       0行がインポートされました
. . "OSADMIN"."OSLOG_INT_DETAIL_5"                  0 KB       0行がインポートされました
. . "OSADMIN"."OLD_OSSYS_EXTENSION_STRUCT_ATTR_ST"      0 KB       0行がインポートされました
. . "OSADMIN"."OSSYS__MLPURPOSE"                7.210 KB      12行がインポートされました
. . "OSADMIN"."OSLOG_CYCLIC_JOB_5"                  0 KB       0行がインポートされました
. . "OSADMIN"."OSSYS__MLREQUESTSTATUS"          6.890 KB      21行がインポートされました
. . "OSADMIN"."OSEVT_GROUP_ROLE"                    0 KB       0行がインポートされました
. . "OSADMIN"."OSSYS_MOBILE_CONFIG_DATA"            0 KB       0行がインポートされました
. . "OSADMIN"."OSUSR_JJ8__MLMODULETYP"              0 KB       0行がインポートされました
. . "OSADMIN"."OSUSR_6WD_XMLVALUE"              6.523 KB       2行がインポートされました
. . "OSADMIN"."OSUSR_S41_RESOURCE"              38.29 KB       1行がインポートされました
. . "OSADMIN"."OSSYS_MODULEFRONTEND"            6.523 KB      21行がインポートされました
. . "OSADMIN"."OSSYS_CUSTOM_ATTRIBUTE"              0 KB       0行がインポートされました
. . "OSADMIN"."OSLOG_CYCLIC_JOB_3"                  0 KB       0行がインポートされました
. . "OSADMIN"."OSUSR_JCE_ERRORSAN"                  0 KB       0行がインポートされました
. . "OSADMIN"."OSLOG_INTEGRATION_9"                 0 KB       0行がインポートされました
. . "OSADMIN"."OSSYS_SSO_SESSION"                   0 KB       0行がインポートされました
. . "OSADMIN"."OSLOG_WEB_SERVICE_6"                 0 KB       0行がインポートされました
. . "OSADMIN"."OSSYS_SECURITY_REFERRER"         5.656 KB       5行がインポートされました
. . "OSADMIN"."OSSYS_DEVELOPER_EXTENSION"       6.937 KB      26行がインポートされました
. . "OSADMIN"."OSSYS_PLUGINTYPE"                6.023 KB       2行がインポートされました
. . "OSADMIN"."OSUSR_RTV_APPLICAT"                  0 KB       0行がインポートされました
. . "OSADMIN"."OSSYS_GROUP_ROLE"                    0 KB       0行がインポートされました
. . "OSADMIN"."OSUSR_6WD_SAMLMESS"                  0 KB       0行がインポートされました
. . "OSADMIN"."OSSYS_PERSISTENT_LOGIN"              0 KB       0行がインポートされました
. . "OSADMIN"."OSLOG_WEB_SERVICE_9"                 0 KB       0行がインポートされました
. . "OSADMIN"."OSUSR_6WD_HELPIDMA"              6.109 KB       5行がインポートされました
. . "OSADMIN"."OSSYS_SOL_PUB_UNIT"              21.44 KB     388行がインポートされました
. . "OSADMIN"."OSSYS_REPORT_LINE"                   0 KB       0行がインポートされました
. . "OSADMIN"."OSSYS_ESPACE_VERSION_ICON"           0 KB       0行がインポートされました
. . "OSADMIN"."OSUSR_D47_MENUSUBI"                  0 KB       0行がインポートされました
. . "OSADMIN"."OSSYS_SOLUTION_VERSION"          10.14 KB       1行がインポートされました
. . "OSADMIN"."OSSYS__MLFEATURE_STATU"          6.648 KB      12行がインポートされました
. . "OSADMIN"."OSSYS_APP_MOBILE_CONFIG"             0 KB       0行がインポートされました
. . "OSADMIN"."OSSYS_ENTITY_CONFIG"             58.23 KB     410行がインポートされました
. . "OSADMIN"."OSSYS_SOLUTION_PACK"                 0 KB       0行がインポートされました
. . "OSADMIN"."OSUSR_63C__MLMENUSUBIT"              0 KB       0行がインポートされました
. . "OSADMIN"."OSSYS_REPORT_SLOW_SERVICE_TEMP"      0 KB       0行がインポートされました
. . "OSADMIN"."OSLOG_ERROR_DETAIL_6"                0 KB       0行がインポートされました
. . "OSADMIN"."OSLOG_SRVAPI_DETAIL_4"               0 KB       0行がインポートされました
. . "OSADMIN"."OSSYS_OS_ICON"                   7.914 KB     109行がインポートされました
. . "OSADMIN"."OSSYS__MLALERT"                      0 KB       0行がインポートされました
. . "OSADMIN"."OSLOG_SRVAPI_DETAIL_6"               0 KB       0行がインポートされました
. . "OSADMIN"."OSUSR_6WD_SAMLMES2"                  0 KB       0行がインポートされました
. . "OSADMIN"."OSLOG_SRVAPI_9"                      0 KB       0行がインポートされました
. . "OSADMIN"."OSSYS_ESPACE_OBJECT_COUNT"           0 KB       0行がインポートされました
. . "OSADMIN"."OSSYS_LICENSE_REPORTTYPE"        8.070 KB       5行がインポートされました
. . "OSADMIN"."OSLOG_REQUESTEVENT_1"                0 KB       0行がインポートされました
. . "OSADMIN"."OSUSR_RTV__MLTEMPLATEK"              0 KB       0行がインポートされました
. . "OSADMIN"."OSUSR_6WD_CFGIDP"                    0 KB       0行がインポートされました
. . "OSADMIN"."OSSYS_EMAIL_DEFINITION"              0 KB       0行がインポートされました
. . "OSADMIN"."OSUSR_S41__MLDEVICECOL"          6.437 KB       2行がインポートされました
. . "OSADMIN"."OSSYS_ESPACE_DBCONFIG"               0 KB       0行がインポートされました
. . "OSADMIN"."OSLOG_ERROR_1"                       0 KB       0行がインポートされました
. . "OSADMIN"."OSSYS_REPORT_SLOWWEBSE"              0 KB       0行がインポートされました
. . "OSADMIN"."OSSYS_OBJECTTYPE"                6.523 KB       4行がインポートされました
. . "OSADMIN"."OLD_OSSYS_EXTENSION_SIGNATURE"       0 KB       0行がインポートされました
. . "OSADMIN"."OSUSR_6WD_MENUITEM"              6.054 KB       3行がインポートされました
. . "OSADMIN"."OSUSR_UTN__MLDEVICE"                 0 KB       0行がインポートされました
. . "OSADMIN"."OSLOG_ERROR_9"                       0 KB       0行がインポートされました
. . "OSADMIN"."OSSYS_TEMP_ANDROID_FILE"             0 KB       0行がインポートされました
. . "OSADMIN"."OSSYS_BPM_ACTIVITY_DEF_LANG"     7.726 KB      15行がインポートされました
. . "OSADMIN"."OSUSR_D47__MLMENUITEM"               0 KB       0行がインポートされました
. . "OSADMIN"."OSSYS_REPORT_SLOWSQL"                0 KB       0行がインポートされました
. . "OSADMIN"."OSUSR_S41_USERUSED"                  0 KB       0行がインポートされました
. . "OSADMIN"."OSSYS_SESSIONTOKEN"                  0 KB       0行がインポートされました
. . "OSADMIN"."OLD_OSSYS_ESPACE_EXTENSION"          0 KB       0行がインポートされました
. . "OSADMIN"."OSLOG_WEB_SERVICE_1"                 0 KB       0行がインポートされました
. . "OSADMIN"."OSUSR_5Z9_RECENTIT"                  0 KB       0行がインポートされました
. . "OSADMIN"."OSUSR_S41_MENUSUBI"                  0 KB       0行がインポートされました
. . "OSADMIN"."OSSYS__MLVERSIONCOMPAR"          6.726 KB      12行がインポートされました
. . "OSADMIN"."OSSYS_LOG_LICENSEUSERUSAGE"          0 KB       0行がインポートされました
. . "OSADMIN"."OSLOG_WEB_REFERENCE_0"               0 KB       0行がインポートされました
. . "OSADMIN"."OSSYS_APP_VERSION_MODULE_VERSI"      0 KB       0行がインポートされました
. . "OSADMIN"."OSSYS_PLATFORMSVCS_NOTIFYEVEN"   6.007 KB      17行がインポートされました
. . "OSADMIN"."OSSYS_DBMS"                      5.554 KB       2行がインポートされました
. . "OSADMIN"."OSSYS_CALLBACK"                  13.15 KB       2行がインポートされました
. . "OSADMIN"."OSLOG_ERROR_0"                       0 KB       0行がインポートされました
. . "OSADMIN"."OSLOG_ERROR_7"                       0 KB       0行がインポートされました
. . "OSADMIN"."OSSYS_EXTENSIBILITYCONFIGS"      5.828 KB       1行がインポートされました
. . "OSADMIN"."OSSYS_BPM_PROCESS_OUTPUT_DEF"        0 KB       0行がインポートされました
. . "OSADMIN"."OSUSR_6WD_SAMLMES3"              6.578 KB       4行がインポートされました
. . "OSADMIN"."OSSYS_SEGMENTATIONCOUNT"             0 KB       0行がインポートされました
. . "OSADMIN"."OSLOG_INTEGRATION_3"                 0 KB       0行がインポートされました
. . "OSADMIN"."OSLOG_SRVAPI_DETAIL_7"               0 KB       0行がインポートされました
. . "OSADMIN"."OSSYS_FEATURELIST"               7.539 KB      45行がインポートされました
. . "OSADMIN"."OSSYS__MLACTIVITY_KIND"          7.093 KB      30行がインポートされました
. . "OSADMIN"."OSUSR_6WD_MOBILETO"                  0 KB       0行がインポートされました
. . "OSADMIN"."OSSYS_SOL_PUB_PLAN_CMD"          5.593 KB       4行がインポートされました
. . "OSADMIN"."OSSYS_WEB_REFERENCE"             10.56 KB       7行がインポートされました
. . "OSADMIN"."OSSYS_CLOUDPROVIDERTYPE"         6.539 KB       3行がインポートされました
. . "OSADMIN"."OSLOG_INTEGRATION_0"                 0 KB       0行がインポートされました
. . "OSADMIN"."OSSYS_FM_FEATURETYPE"            7.289 KB      24行がインポートされました
. . "OSADMIN"."OSSYS_SECRETS"                   8.281 KB       3行がインポートされました
. . "OSADMIN"."OSSYS_USER_DEVELOPER"            6.140 KB       7行がインポートされました
. . "OSADMIN"."OSLOG_WEB_SERVICE_3"                 0 KB       0行がインポートされました
. . "OSADMIN"."OSLOG_GENERAL_0"                     0 KB       0行がインポートされました
. . "OSADMIN"."OSSYS__MLNATIVEBUILDRE"          6.593 KB       9行がインポートされました
. . "OSADMIN"."OSSYS_APP_MOBILE_BUILD_QUEUE"        0 KB       0行がインポートされました
. . "OSADMIN"."OSLOG_WEB_REFERENCE_5"               0 KB       0行がインポートされました
. . "OSADMIN"."OSSYS_EXTENSION_VERSION"         5.896 MB      29行がインポートされました
. . "OSADMIN"."OSSYS_DEPRECATEDAUTHPROVPROPS"       0 KB       0行がインポートされました
. . "OSADMIN"."OSSYS_BPM_PROCESS_STATUS"        6.085 KB       4行がインポートされました
. . "OSADMIN"."OSLOG_GENERAL_9"                     0 KB       0行がインポートされました
. . "OSADMIN"."OSLOG_SCREEN_1"                      0 KB       0行がインポートされました
. . "OSADMIN"."OSSYS_BPM_ACTIVITY_OUTPUT"           0 KB       0行がインポートされました
. . "OSADMIN"."OSUSR_D47__MLMENUSUBIT"              0 KB       0行がインポートされました
. . "OSADMIN"."OSSYS__MLINTEGRATIONEL"          7.148 KB       6行がインポートされました
. . "OSADMIN"."OSSYS_BPM_PROCESS_OUTPUT"            0 KB       0行がインポートされました
. . "OSADMIN"."OSLOG_INT_DETAIL_1"                  0 KB       0行がインポートされました
. . "OSADMIN"."OSSYS_CYCLIC_JOB"                9.296 KB       2行がインポートされました
. . "OSADMIN"."OSLOG_ERROR_3"                       0 KB       0行がインポートされました
. . "OSADMIN"."OSLOG_MOBILE_REQUEST_6"              0 KB       0行がインポートされました
. . "OSADMIN"."OSSYS_BPM_PROCESS"                   0 KB       0行がインポートされました
. . "OSADMIN"."OSSYS_ESPACE_SCREEN"             18.77 KB     249行がインポートされました
. . "OSADMIN"."OSUSR_S41_FEEDBA10"                  0 KB       0行がインポートされました
. . "OSADMIN"."OSLOG_CYCLIC_JOB_1"                  0 KB       0行がインポートされました
. . "OSADMIN"."OSSYS_ASYNC_OPERATION_SODETAIL"  8.453 KB       1行がインポートされました
. . "OSADMIN"."OSSYS_SERVICECENTER_USER"            0 KB       0行がインポートされました
. . "OSADMIN"."OSSYS_APP_PARAM_BINARY"              0 KB       0行がインポートされました
. . "OSADMIN"."OSSYS_REPORT_SLOWEXTENSION"          0 KB       0行がインポートされました
. . "OSADMIN"."OSLOG_MR_DETAIL_1"                   0 KB       0行がインポートされました
. . "OSADMIN"."OSSYS_RECOMPILATION_ERROR_LOG"       0 KB       0行がインポートされました
. . "OSADMIN"."OSLOG_EXTENSION_1"                   0 KB       0行がインポートされました
. . "OSADMIN"."OSSYS_NATIVEPLUGINS"                 0 KB       0行がインポートされました
. . "OSADMIN"."OSSYS_BUILDTYPE_IOS"             6.976 KB       4行がインポートされました
. . "OSADMIN"."OSSYS_ESPACE_PRODUCTINFO"        9.234 KB      22行がインポートされました
. . "OSADMIN"."OSLOG_SRVAPI_8"                      0 KB       0行がインポートされました
. . "OSADMIN"."OSLOG_GENERAL_6"                     0 KB       0行がインポートされました
. . "OSADMIN"."OSSYS_DBCONNECTION"              9.890 KB       2行がインポートされました
. . "OSADMIN"."OSSYS_REPORT_SLOWSCREE"              0 KB       0行がインポートされました
. . "OSADMIN"."OSUSR_6WD_SAMLUSER"                  0 KB       0行がインポートされました
. . "OSADMIN"."OSSYS__MLAPPMOBILE_BT1"          7.101 KB      12行がインポートされました
. . "OSADMIN"."OSSYS_REPORT_METRICS_PART"           0 KB       0行がインポートされました
. . "OSADMIN"."OSSYS_MODIFIEDELEMENT"               0 KB       0行がインポートされました
. . "OSADMIN"."OSSYS_FEATURE_STATUS"            5.609 KB       4行がインポートされました
. . "OSADMIN"."OSLOG_ERROR_8"                       0 KB       0行がインポートされました
. . "OSADMIN"."OSSYS_ESPACE_RUNTIME"            13.66 KB      21行がインポートされました
. . "OSADMIN"."OSSYS_AUTHPROVIDERPROPERTIES"        0 KB       0行がインポートされました
. . "OSADMIN"."OSSYS_REFRESH_TOKEN"             31.67 KB       8行がインポートされました
. . "OSADMIN"."OSLOG_MR_DETAIL_8"                   0 KB       0行がインポートされました
. . "OSADMIN"."OSLOG_MR_DETAIL_2"                   0 KB       0行がインポートされました
. . "OSADMIN"."OSUSR_MEC_MENUSUBI"                  0 KB       0行がインポートされました
. . "OSADMIN"."OSSYS_PLATFORMSVCS_OBSERVER"         0 KB       0行がインポートされました
. . "OSADMIN"."OSLOG_SRVAPI_0"                      0 KB       0行がインポートされました
. . "OSADMIN"."OSLOG_ERROR_DETAIL_9"                0 KB       0行がインポートされました
. . "OSADMIN"."OSSYS_EMAIL_STATUS_LABEL"        6.062 KB       3行がインポートされました
. . "OSADMIN"."OSSYS_DBCONFIGURATION"               0 KB       0行がインポートされました
. . "OSADMIN"."OSLOG_EXTENSION_5"                   0 KB       0行がインポートされました
. . "OSADMIN"."OSSYS__MLPLUGINTYPE"             7.015 KB       6行がインポートされました
. . "OSADMIN"."OSUSR_S41_THEME"                 6.046 KB       1行がインポートされました
. . "OSADMIN"."OSSYS__MLREPORT_TYPE_U"          7.906 KB      27行がインポートされました
. . "OSADMIN"."OSSYS_ESPACE_FRAGMENTS"          315.7 KB      22行がインポートされました
. . "OSADMIN"."OSSYS_BPM_ACTIVITY_DEFINITION"   11.78 KB       3行がインポートされました
. . "OSADMIN"."OSLOG_SCREEN_7"                      0 KB       0行がインポートされました
. . "OSADMIN"."OSLOG_MOBILE_REQUEST_1"              0 KB       0行がインポートされました
. . "OSADMIN"."OSLOG_GENERAL_8"                     0 KB       0行がインポートされました
. . "OSADMIN"."OSUSR_S41_DEVICECO"              5.562 KB       2行がインポートされました
. . "OSADMIN"."OSLOG_WEB_SERVICE_8"                 0 KB       0行がインポートされました
. . "OSADMIN"."OSSYS_BPM_ACTIVITY_DEF_ROLE"         0 KB       0行がインポートされました
. . "OSADMIN"."OSSYS_EXTENSION_CONFIGURATION"   7.617 KB      26行がインポートされました
. . "OSADMIN"."OSLOG_WEB_REFERENCE_8"               0 KB       0行がインポートされました
. . "OSADMIN"."OSLOG_INTEGRATION_7"                 0 KB       0行がインポートされました
. . "OSADMIN"."OSSYS_ESPACE_HASHSET"            315.7 KB      22行がインポートされました
. . "OSADMIN"."OSSYS_EXTENSION_DEPENDENCY"      709.0 KB     371行がインポートされました
. . "OSADMIN"."OSSYS_SOLUTIONMOBILEAPPVERSION"      0 KB       0行がインポートされました
. . "OSADMIN"."OSEVT_GROUP_USER"                    0 KB       0行がインポートされました
. . "OSADMIN"."OSSYS_REPORT_METRICS_USRSEG"         0 KB       0行がインポートされました
. . "OSADMIN"."OSSYS_SOLUTIONPUBLISHASSET"      7.007 KB       4行がインポートされました
. . "OSADMIN"."OSLOG_SCREEN_0"                      0 KB       0行がインポートされました
. . "OSADMIN"."OSSYS_SERVERAPITIMERSTATUS"      6.953 KB       3行がインポートされました
. . "OSADMIN"."OSSYS_EXTENSION_COMPLEXITY"      7.656 KB      29行がインポートされました
. . "OSADMIN"."OSSYS__MLSERVERAPI_TIM"          7.015 KB       9行がインポートされました
. . "OSADMIN"."OSSYS_ESPACE_CONFIGURATION"      7.445 KB      21行がインポートされました
. . "OSADMIN"."OSUSR_S41_MENUITEM"              6.046 KB       2行がインポートされました
. . "OSADMIN"."OSUSR_S41__MLMENUSUBIT"              0 KB       0行がインポートされました
. . "OSADMIN"."OSSYS_DEVELOPER_OPERATION_TYPE"  6.570 KB       5行がインポートされました
. . "OSADMIN"."OSLOG_INTEGRATION_4"                 0 KB       0行がインポートされました
. . "OSADMIN"."OSLOG_INT_DETAIL_3"                  0 KB       0行がインポートされました
. . "OSADMIN"."OSUSR_5Z9_ICONSIZE"              5.554 KB       5行がインポートされました
. . "OSADMIN"."OSLOG_WEB_REFERENCE_9"               0 KB       0行がインポートされました
. . "OSADMIN"."OSSYS_AUTHSUPPORTEDPROPERTIES"   6.664 KB       4行がインポートされました
. . "OSADMIN"."OSSYS_REPORT_METRICS_TOP10"          0 KB       0行がインポートされました
. . "OSADMIN"."OSLOG_WEB_SERVICE_7"                 0 KB       0行がインポートされました
. . "OSADMIN"."OSLOG_SRVAPI_4"                      0 KB       0行がインポートされました
. . "OSADMIN"."OSSYS_EXTENSION_DBCONNECTION"    6.531 KB       1行がインポートされました
. . "OSADMIN"."OSUSR_S41__MLMENUITEM"           6.453 KB       2行がインポートされました
. . "OSADMIN"."OLD_OSSYS_EXTENSION_ACTION"          0 KB       0行がインポートされました
. . "OSADMIN"."OSSYS_SOLUTION_VERSION_REF"      8.617 KB      47行がインポートされました
. . "OSADMIN"."OSLOG_MOBILE_REQUEST_0"              0 KB       0行がインポートされました
. . "OSADMIN"."OSUSR_UTN_DEVICE"                8.710 KB       8行がインポートされました
. . "OSADMIN"."OSSYS_DEVELOPER_ESPACE"          6.851 KB      21行がインポートされました
. . "OSADMIN"."OSSYS_DEPTECHCAPABILITY"         6.898 KB      13行がインポートされました
. . "OSADMIN"."OSSYS_SOLUTION_PUBLISHING"       11.85 KB      47行がインポートされました
. . "OSADMIN"."OSLOG_ERROR_DETAIL_0"                0 KB       0行がインポートされました
. . "OSADMIN"."OSSYS_AREA"                          0 KB       0行がインポートされました
. . "OSADMIN"."OSLOG_EXTENSION_0"                   0 KB       0行がインポートされました
. . "OSADMIN"."OSSYS_USER_OPTION"                   0 KB       0行がインポートされました
. . "OSADMIN"."OSSYS_ESPACE_RUNNING_PROD_VER"   14.80 KB     112行がインポートされました
. . "OSADMIN"."OSSYS_REPORT_ESPACEUSA"              0 KB       0行がインポートされました
. . "OSADMIN"."OSSYS_SERVER"                    6.921 KB       1行がインポートされました
. . "OSADMIN"."OSUSR_S41_CALLBACK"                  0 KB       0行がインポートされました
. . "OSADMIN"."OSSYS_REPORT_TOPERRORS"              0 KB       0行がインポートされました
. . "OSADMIN"."OSSYS_SERVICECENTER_ROLE"        7.140 KB       5行がインポートされました
. . "OSADMIN"."OSUSR_S41_LASTFEED"                  0 KB       0行がインポートされました
. . "OSADMIN"."OSSYS_REQUESTSTATUS"             6.640 KB       7行がインポートされました
. . "OSADMIN"."OSLOG_INT_DETAIL_4"                  0 KB       0行がインポートされました
. . "OSADMIN"."OSSYS__MLPARAMETERTYPE"          15.28 KB      96行がインポートされました
. . "OSADMIN"."OSSYS_HELPIDMAPPING"             6.742 KB      18行がインポートされました
. . "OSADMIN"."OSLOG_SRVAPI_2"                      0 KB       0行がインポートされました
. . "OSADMIN"."OSSYS_VERSIONCOMPARISONRESULT"   5.640 KB       4行がインポートされました
. . "OSADMIN"."OSLOG_ERROR_6"                       0 KB       0行がインポートされました
. . "OSADMIN"."OSUSR_S41_FEEDBAC5"                  0 KB       0行がインポートされました
. . "OSADMIN"."OSSYS_SERVICECENTER_TOKEN"       6.070 KB       1行がインポートされました
. . "OSADMIN"."OSSYS_ENTITY_RECORD"             152.9 KB    1330行がインポートされました
. . "OSADMIN"."OSLOG_INTEGRATION_5"                 0 KB       0行がインポートされました
. . "OSADMIN"."OSSYS_SITERULE"                      0 KB       0行がインポートされました
. . "OSADMIN"."OSSYS_EXTENSIONCOMMITMESSAGE"    7.367 KB      26行がインポートされました
. . "OSADMIN"."OSUSR_6WD_CFGINTRN"                  0 KB       0行がインポートされました
. . "OSADMIN"."OSUSR_5Z9_UPLOADTO"                  0 KB       0行がインポートされました
. . "OSADMIN"."OSUSR_RTV_LOCK"                  5.554 KB       1行がインポートされました
. . "OSADMIN"."OSSYS_ENVIRONMENT"                   0 KB       0行がインポートされました
. . "OSADMIN"."OSSYS_MTSI_CODEVERIFIER"             0 KB       0行がインポートされました
. . "OSADMIN"."OSSYS_APP_POOL_CONFIG"           6.484 KB       1行がインポートされました
. . "OSADMIN"."OLD_OSSYS_EXTENSION_STRUCT"          0 KB       0行がインポートされました
. . "OSADMIN"."OSSYS_USER_USERPOOL"             6.085 KB       3行がインポートされました
. . "OSADMIN"."OSUSR_I8Y_LDAPSUPP"              6.039 KB       2行がインポートされました
. . "OSADMIN"."OSSYS_REPORT_SLOWTIMER"              0 KB       0行がインポートされました
. . "OSADMIN"."OSSYS_SOL_PUB_PLAN"              8.351 KB       1行がインポートされました
. . "OSADMIN"."OSUSR_S41_RULE_ESP"                  0 KB       0行がインポートされました
. . "OSADMIN"."OSUSR_S41_FEEDBAC8"                  0 KB       0行がインポートされました
. . "OSADMIN"."OSLOG_CYCLIC_JOB_0"                  0 KB       0行がインポートされました
. . "OSADMIN"."OSSYS_FEATURE_OVERRIDE"              0 KB       0行がインポートされました
. . "OSADMIN"."OSLOG_SRVAPI_1"                      0 KB       0行がインポートされました
. . "OSADMIN"."OSLOG_SRVAPI_DETAIL_9"               0 KB       0行がインポートされました
. . "OSADMIN"."OSSYS_LOGIN"                         0 KB       0行がインポートされました
. . "OSADMIN"."OSSYS_APP_DBCONFIG"                  0 KB       0行がインポートされました
. . "OSADMIN"."OSLOG_INT_DETAIL_6"                  0 KB       0行がインポートされました
. . "OSADMIN"."OSUSR_JCE__MLERRORINFO"              0 KB       0行がインポートされました
. . "OSADMIN"."OSSYS_DOMAINSWHITELIST"              0 KB       0行がインポートされました
. . "OSADMIN"."OSSYS_SAPCONFIG"                     0 KB       0行がインポートされました
. . "OSADMIN"."OSSYS_REPORT_METRICS_DOMWL"          0 KB       0行がインポートされました
. . "OSADMIN"."OLD_OSSYS_EXTENSION"                 0 KB       0行がインポートされました
. . "OSADMIN"."OSSYS__MLSOLUTIONPUBLI"          7.171 KB      12行がインポートされました
. . "OSADMIN"."OSSYS_NATIVEBUILDRESOURCETYPE"   5.601 KB       3行がインポートされました
. . "OSADMIN"."OSUSR_S41__MLFEEDBACKS"          6.445 KB       2行がインポートされました
. . "OSADMIN"."OLD_OSSYS_EXTENSION_STRUCT_ATTR"      0 KB       0行がインポートされました
. . "OSADMIN"."OSSYS_REST_WEB_REFERENCE"        11.25 KB       7行がインポートされました
. . "OSADMIN"."OSSYS_BPM_EVENT"                     0 KB       0行がインポートされました
. . "OSADMIN"."OSSYS_USER"                      10.73 KB       3行がインポートされました
. . "OSADMIN"."OSUSR_S41_RULE_USE"                  0 KB       0行がインポートされました
. . "OSADMIN"."OSSYS_APP_MOBILE_BUILD_DATA"         0 KB       0行がインポートされました
. . "OSADMIN"."OSLOG_ERROR_2"                   511.4 KB     502行がインポートされました
. . "OSADMIN"."OSSYS_APP_MOBILE_BUILD"              0 KB       0行がインポートされました
. . "OSADMIN"."OSSYS_BPM_PROCESS_UPGRADE"           0 KB       0行がインポートされました
. . "OSADMIN"."OSUSR_UTN_DEVICETY"              7.062 KB       5行がインポートされました
. . "OSADMIN"."OSSYS_PAGERULE"                      0 KB       0行がインポートされました
. . "OSADMIN"."OSSYS_SRVAPI_CONFIGS"                0 KB       0行がインポートされました
. . "OSADMIN"."OSSYS_MOBILE_PLATFORM"             6.5 KB       3行がインポートされました
. . "OSADMIN"."OSSYS_REST_EXPOSE"               11.45 KB      19行がインポートされました
. . "OSADMIN"."OSSYS_PUBLISHTRACE"                  0 KB       0行がインポートされました
. . "OSADMIN"."OSLOG_ERROR_DETAIL_2"                0 KB       0行がインポートされました
. . "OSADMIN"."OSLOG_WEB_REFERENCE_1"               0 KB       0行がインポートされました
. . "OSADMIN"."OSUSR_S41_FEEDBAC1"                  0 KB       0行がインポートされました
. . "OSADMIN"."OSSYS_USERSERVICEACCOUNT"        5.132 KB       2行がインポートされました
. . "OSADMIN"."OSUSR_I8Y_MENUSUBI"                  0 KB       0行がインポートされました
. . "OSADMIN"."OSLOG_EXTENSION_6"                   0 KB       0行がインポートされました
. . "OSADMIN"."OSSYS_PATHRULE"                  10.05 KB      25行がインポートされました
. . "OSADMIN"."OSSYS__MLHELPIDMAPPING"          8.570 KB      54行がインポートされました
. . "OSADMIN"."OSSYS_PARAMETERTYPE"             9.507 KB      32行がインポートされました
. . "OSADMIN"."OSLOG_WEB_REFERENCE_6"               0 KB       0行がインポートされました
. . "OSADMIN"."OSSYS_ESPACE_SCREEN_PARAM"       30.25 KB     488行がインポートされました
. . "OSADMIN"."OSLOG_PARAMETER"                 5.992 KB       1行がインポートされました
. . "OSADMIN"."OSSYS_REPORT_SLOWQUERY"              0 KB       0行がインポートされました
. . "OSADMIN"."OSLOG_SCREEN_4"                      0 KB       0行がインポートされました
. . "OSADMIN"."OSSYS_TEST_CASE"                     0 KB       0行がインポートされました
. . "OSADMIN"."OSSYS_SECURITY_DIRECTIVE"        11.22 KB      15行がインポートされました
. . "OSADMIN"."OSSYS_MODULE_KIND"               6.039 KB       2行がインポートされました
. . "OSADMIN"."OSUSR_J4V_DEVICEDA"                  0 KB       0行がインポートされました
. . "OSADMIN"."OSUSR_JJ8_MODULETY"              5.562 KB       2行がインポートされました
. . "OSADMIN"."OSLOG_INTEGRATION_6"                 0 KB       0行がインポートされました
. . "OSADMIN"."OSSYS_SOAP_CONSUME"                  0 KB       0行がインポートされました
. . "OSADMIN"."OSSYS_ROLE"                      8.945 KB       8行がインポートされました
. . "OSADMIN"."OSLOG_INTEGRATION_1"                 0 KB       0行がインポートされました
. . "OSADMIN"."OSUSR_5Z9_MESSAGET"              5.585 KB       4行がインポートされました
. . "OSADMIN"."OSLOG_ERROR_DETAIL_7"                0 KB       0行がインポートされました
. . "OSADMIN"."OSSYS_SOLUTION_PACK_REFERENCE"       0 KB       0行がインポートされました
. . "OSADMIN"."OSSYS_BUILDTYPE_ANDROID"         6.914 KB       2行がインポートされました
. . "OSADMIN"."OSSYS_RECENT_ITEM"               7.359 KB       1行がインポートされました
. . "OSADMIN"."OSSYS_DBCATALOG"                 10.43 KB       1行がインポートされました
. . "OSADMIN"."OSSYS_MODULE_ACTIVE_ARTIFACT"        0 KB       0行がインポートされました
. . "OSADMIN"."OSSYS_INTEGRATIONELEMENTTYPE"    6.078 KB       2行がインポートされました
. . "OSADMIN"."OSSYS_REPORT_METRICS_INTEG"          0 KB       0行がインポートされました
. . "OSADMIN"."OSLOG_MR_DETAIL_7"                   0 KB       0行がインポートされました
. . "OSADMIN"."OSSYS_WEB_SERVICES_ERRORCODE"    7.265 KB      18行がインポートされました
. . "OSADMIN"."OSSYS__MLSECURITY_CSP_"          14.32 KB      45行がインポートされました
. . "OSADMIN"."OSLOG_ERROR_4"                       0 KB       0行がインポートされました
. . "OSADMIN"."OSSYS_DEVELOPER_DBCONNECTION"    6.515 KB       1行がインポートされました
. . "OSADMIN"."OSSYS_EXTENSION_VERSION_SIG"     577.7 KB      29行がインポートされました
. . "OSADMIN"."OSSYS_APP_PARAMETER"                 0 KB       0行がインポートされました
. . "OSADMIN"."OSLOG_REQUESTEVENT_5"                0 KB       0行がインポートされました
. . "OSADMIN"."OSSYS_TENANT_VIEW"               11.38 KB      98行がインポートされました
. . "OSADMIN"."OSUSR_S41_FEEDBAC7"                  0 KB       0行がインポートされました
. . "OSADMIN"."OSSYS_TENANT"                      7.5 KB      22行がインポートされました
. . "OSADMIN"."OSUSR_S41_WEBPAGEC"                  0 KB       0行がインポートされました
. . "OSADMIN"."OSUSR_6WD_CFGSP"                     0 KB       0行がインポートされました
. . "OSADMIN"."OSLOG_MOBILE_REQUEST_4"              0 KB       0行がインポートされました
. . "OSADMIN"."OSSYS_BUILD_ARTIFACT"                0 KB       0行がインポートされました
. . "OSADMIN"."OSSYS_SOL_PUB_COMP"              10.60 KB      47行がインポートされました
. . "OSADMIN"."OSUSR_6WD_AUDITTYP"              5.531 KB       3行がインポートされました
. . "OSADMIN"."OSSYS_BPM_ACTIVITY_STATUS"       6.718 KB      12行がインポートされました
. . "OSADMIN"."OSSYS_ALERT"                     6.046 KB       4行がインポートされました
. . "OSADMIN"."OSSYS_USER_REFRESH_TOKENS"       7.046 KB       1行がインポートされました
. . "OSADMIN"."OSSYS_REPORT_SU"                     0 KB       0行がインポートされました
. . "OSADMIN"."OSUSR_S41__MLBACKGROUN"          6.460 KB       3行がインポートされました
. . "OSADMIN"."OSSYS_APPLICATIONMOBILE"             0 KB       0行がインポートされました
. . "OSADMIN"."OSLOG_MOBILE_REQUEST_8"              0 KB       0行がインポートされました
. . "OSADMIN"."OSSYS_ASYNC_OP_MESSAGE"          89.23 KB     577行がインポートされました
. . "OSADMIN"."OSSYS_BPM_ACTIVITY"                  0 KB       0行がインポートされました
. . "OSADMIN"."OSSYS_AUTHPROVIDER"                  0 KB       0行がインポートされました
. . "OSADMIN"."OSLOG_SCREEN_3"                      0 KB       0行がインポートされました
. . "OSADMIN"."OSUSR_5Z9_ICONNAME"              15.15 KB     593行がインポートされました
. . "OSADMIN"."OSSYS_AUDITOPERATION"            6.531 KB      32行がインポートされました
. . "OSADMIN"."OSSYS_ASSEMBLY"                      0 KB       0行がインポートされました
. . "OSADMIN"."OSUSR_UTN__MLBACKGROUN"              0 KB       0行がインポートされました
. . "OSADMIN"."OSSYS_CALLBACKTYPE"              6.632 KB       3行がインポートされました
. . "OSADMIN"."OSUSR_MEC__MLMENUITEM"           6.460 KB       2行がインポートされました
. . "OSADMIN"."OSSYS_BPM_EVENT_LOCK"                0 KB       0行がインポートされました
. . "OSADMIN"."OSUSR_6WD_LOGINAT1"              5.648 KB       8行がインポートされました
. . "OSADMIN"."OSSYS_ZONE_SERVER"                   0 KB       0行がインポートされました
. . "OSADMIN"."OSSYS_SITE_PROPERTY"             7.429 KB      22行がインポートされました
. . "OSADMIN"."OSSYS_TRIGGER"                       6 KB       2行がインポートされました
. . "OSADMIN"."OSSYS_MODULE_PUBLICELEMENT"      383.2 KB    1420行がインポートされました
. . "OSADMIN"."OSUSR_UTN__MLDEVICECOL"              0 KB       0行がインポートされました
. . "OSADMIN"."OSLOG_SRVAPI_5"                      0 KB       0行がインポートされました
. . "OSADMIN"."OSUSR_S41_FEEDBAC4"                  0 KB       0行がインポートされました
. . "OSADMIN"."OSSYS_MOBILE_CERTIFICATE"            0 KB       0行がインポートされました
. . "OSADMIN"."OSLOG_REQUESTEVENT_4"                0 KB       0行がインポートされました
. . "OSADMIN"."OSSYS_TRANSLATIONOVERRIDE"           0 KB       0行がインポートされました
. . "OSADMIN"."OSSYS_REPORT_METRICS"                0 KB       0行がインポートされました
. . "OSADMIN"."OSUSR_6WD_NAMEIDFO"              7.078 KB       9行がインポートされました
. . "OSADMIN"."OSLOG_ERROR_DETAIL_5"                0 KB       0行がインポートされました
. . "OSADMIN"."OSSYS__MLTRIGGER"                    0 KB       0行がインポートされました
. . "OSADMIN"."OSLOG_INT_DETAIL_8"                  0 KB       0行がインポートされました
. . "OSADMIN"."OSSYS_TELEMETRYEVENTTYPE"        5.539 KB       2行がインポートされました
. . "OSADMIN"."OSSYS_REPORT_HOUR"                   0 KB       0行がインポートされました
. . "OSADMIN"."OSSYS_TRACEKIND"                 5.570 KB       2行がインポートされました
. . "OSADMIN"."OSLOG_REQUESTEVENT_7"                0 KB       0行がインポートされました
. . "OSADMIN"."OSUSR_6WD_AUDITUSE"              5.945 KB      23行がインポートされました
. . "OSADMIN"."OSSYS_ESPACE_REFERENCE_STATUS"   15.37 KB     112行がインポートされました
. . "OSADMIN"."OSUSR_5Z9_UPLOADCA"                  0 KB       0行がインポートされました
. . "OSADMIN"."OSLOG_MR_DETAIL_3"                   0 KB       0行がインポートされました
. . "OSADMIN"."OSLOG_SRVAPI_DETAIL_2"               0 KB       0行がインポートされました
. . "OSADMIN"."OSSYS_BPM_PROCESS_DEF_LANG"          7 KB       5行がインポートされました
. . "OSADMIN"."OLD_OSSYS_EXTENSION_DEPENDENC"       0 KB       0行がインポートされました
. . "OSADMIN"."OSSYS_CERTIFICATE"                   0 KB       0行がインポートされました
. . "OSADMIN"."OSLOG_SRVAPI_6"                      0 KB       0行がインポートされました
. . "OSADMIN"."OSUSR_S41_FEEDBACK"                  0 KB       0行がインポートされました
. . "OSADMIN"."OSLOG_SCREEN_9"                      0 KB       0行がインポートされました
. . "OSADMIN"."OSSYS_APPLICATION"               13.28 KB       9行がインポートされました
. . "OSADMIN"."OSSYS_APP_FORGE"                     0 KB       0行がインポートされました
. . "OSADMIN"."OSLOG_INT_DETAIL_7"                  0 KB       0行がインポートされました
. . "OSADMIN"."OSUSR_63C_MENUITEM"                  0 KB       0行がインポートされました
. . "OSADMIN"."OSSYS_SCOPE"                     8.023 KB      22行がインポートされました
. . "OSADMIN"."OSSYS_ESPACE_VERSION_PRODUCER"   13.42 KB     112行がインポートされました
. . "OSADMIN"."OSLOG_MOBILE_REQUEST_2"              0 KB       0行がインポートされました
. . "OSADMIN"."OSSYS_APP_MOBILE_BUILD_STATUS"   7.031 KB       4行がインポートされました
. . "OSADMIN"."OSLOG_ERROR_DETAIL_4"                0 KB       0行がインポートされました
. . "OSADMIN"."OSUSR_6WD_USERSESS"                  0 KB       0行がインポートされました
. . "OSADMIN"."OSSYS_ESPACE_REFERENCE"          285.2 KB    1284行がインポートされました
. . "OSADMIN"."OSSYS_SOL_PUB_UNIT_MSG_TYPE"     5.609 KB       4行がインポートされました
. . "OSADMIN"."OSSYS_APPLICATION_ICON"          111.6 KB       8行がインポートされました
. . "OSADMIN"."OSUSR_S41_FEEDBAC9"              6.507 KB       2行がインポートされました
. . "OSADMIN"."OSLOG_CYCLIC_JOB_7"                  0 KB       0行がインポートされました
. . "OSADMIN"."OSUSR_MEC_MENUITEM"              6.054 KB       2行がインポートされました
. . "OSADMIN"."OSLOG_EXTENSION_3"                   0 KB       0行がインポートされました
. . "OSADMIN"."OSLOG_CYCLIC_JOB_6"                  0 KB       0行がインポートされました
. . "OSADMIN"."OSSYS_PAGEMETARULE"                  0 KB       0行がインポートされました
. . "OSADMIN"."OSUSR_6WD_SAMLMES1"              6.539 KB       3行がインポートされました
. . "OSADMIN"."OSLTM_REQUESTFACT_V2"                0 KB       0行がインポートされました
. . "OSADMIN"."OSSYS_EXTENSION"                 10.97 KB      29行がインポートされました
. . "OSADMIN"."OSLOG_WEB_REFERENCE_4"               0 KB       0行がインポートされました
. . "OSADMIN"."OSLOG_SRVAPI_3"                      0 KB       0行がインポートされました
. . "OSADMIN"."OSSYS_PUBLISHING"                8.710 KB      22行がインポートされました
. . "OSADMIN"."OSUSR_6WD_CONFIG_U"                  0 KB       0行がインポートされました
. . "OSADMIN"."OSSYS__MLACTIVITY_STAT"          7.117 KB      36行がインポートされました
. . "OSADMIN"."OSSYS_ANDROID_CONFIG_DETAILS"        0 KB       0行がインポートされました
. . "OSADMIN"."OSSYS_DEVELOPER_APPLICATION"         0 KB       0行がインポートされました
. . "OSADMIN"."OSSYS_PENDING_DB_NAMES"              0 KB       0行がインポートされました
. . "OSADMIN"."OSSYS_MODULEINTERNALADDRESS"     6.976 KB      22行がインポートされました
. . "OSADMIN"."OSSYS_ESPACE_SHAREDCONFIG"           0 KB       0行がインポートされました
. . "OSADMIN"."OSLOG_WEB_SERVICE_2"                 0 KB       0行がインポートされました
. . "OSADMIN"."OSSYS_BPM_ACTIVITY_DEF_LINK"     7.515 KB       2行がインポートされました
. . "OSADMIN"."OSSYS__MLDEPTECHCAPABI"              0 KB       0行がインポートされました
. . "OSADMIN"."OSLOG_ERROR_5"                       0 KB       0行がインポートされました
. . "OSADMIN"."OSSYS_GROUP_USER"                    0 KB       0行がインポートされました
. . "OSADMIN"."OSLOG_GENERAL_1"                     0 KB       0行がインポートされました
. . "OSADMIN"."OSUSR_D47_MENUITEM"                  0 KB       0行がインポートされました
. . "OSADMIN"."OSSYS_LOGIN_ATTEMPT"             11.53 KB       9行がインポートされました
. . "OSADMIN"."OSSYS_DEVELOPER_SOLUTION"        6.546 KB       1行がインポートされました
. . "OSADMIN"."OSSYS_APPLICATION_APP_POOL"          0 KB       0行がインポートされました
. . "OSADMIN"."OSLOG_SRVAPI_DETAIL_0"               0 KB       0行がインポートされました
. . "OSADMIN"."OSLOG_INTEGRATION_2"             204.4 KB     769行がインポートされました
. . "OSADMIN"."OSSYS_INTEGRATION_OBJ_COUNT"         0 KB       0行がインポートされました
. . "OSADMIN"."OSLOG_SCREEN_5"                      0 KB       0行がインポートされました
. . "OSADMIN"."OSSYS_SECURITY_OBJECT"           7.062 KB       6行がインポートされました
. . "OSADMIN"."OSSYS_ENTITY_VERSION"                0 KB       0行がインポートされました
. . "OSADMIN"."OSSYS_REPORT_SLOWSRVAPI"             0 KB       0行がインポートされました
. . "OSADMIN"."OSLOG_INT_DETAIL_0"                  0 KB       0行がインポートされました
. . "OSADMIN"."OSSYS_APP_MOB_CONF_MABS"             0 KB       0行がインポートされました
. . "OSADMIN"."OSEVT_USER"                          0 KB       0行がインポートされました
. . "OSADMIN"."OSSYS_META_CYCLIC_JOB"           15.10 KB      34行がインポートされました
. . "OSADMIN"."OSUSR_63C_MENUSUBI"                  0 KB       0行がインポートされました
. . "OSADMIN"."OSLOG_EXTENSION_4"                   0 KB       0行がインポートされました
. . "OSADMIN"."OSLOG_MOBILE_REQUEST_3"              0 KB       0行がインポートされました
. . "OSADMIN"."IDSTODELETE"                         0 KB       0行がインポートされました
. . "OSADMIN"."OSLOG_REQUESTEVENT_2"                0 KB       0行がインポートされました
. . "OSADMIN"."OSSYS_CALLBACK_EXCLUDEDESPACE"       0 KB       0行がインポートされました
. . "OSADMIN"."OSSYS_LOCKSTABLE"                6.523 KB       2行がインポートされました
. . "OSADMIN"."OSSYS_INTEGRATION"               6.609 KB       4行がインポートされました
. . "OSADMIN"."OSSYS_POSITIONBASE"              5.578 KB       4行がインポートされました
. . "OSADMIN"."OSSYS_ASSEMBLY_DEPENDENCY"           0 KB       0行がインポートされました
. . "OSADMIN"."OSLOG_WEB_SERVICE_4"                 0 KB       0行がインポートされました
. . "OSADMIN"."OSSYS__MLSPACE"                      0 KB       0行がインポートされました
. . "OSADMIN"."OSLOG_REQUESTEVENT_6"                0 KB       0行がインポートされました
. . "OSADMIN"."OSSYS_ENTITY_ATTR"               337.8 KB    2611行がインポートされました
. . "OSADMIN"."OSSYS_BPM_PROCESS_INPUT_DEF"     9.734 KB       1行がインポートされました
. . "OSADMIN"."OSSYS_EMAIL"                         0 KB       0行がインポートされました
. . "OSADMIN"."OSLOG_SCREEN_2"                  36.09 KB     118行がインポートされました
. . "OSADMIN"."OSSYS_APPLICATION_ICONHIGHRES"   64.17 KB       7行がインポートされました
. . "OSADMIN"."OSEVT_TEST_CASE"                     0 KB       0行がインポートされました
. . "OSADMIN"."OSSYS_ESPACE_VERSION_SIGNATURE"  6.181 MB      22行がインポートされました
. . "OSADMIN"."OSSYS__MLOBJECTTYPE"             7.117 KB      12行がインポートされました
. . "OSADMIN"."OSSYS_R_METR_INT_EXTRAINFO"          0 KB       0行がインポートされました
. . "OSADMIN"."OSUSR_MEC__MLMENUSUBIT"              0 KB       0行がインポートされました
. . "OSADMIN"."OSUSR_63C__MLMENUITEM"               0 KB       0行がインポートされました
. . "OSADMIN"."OSLOG_EXTENSION_7"                   0 KB       0行がインポートされました
. . "OSADMIN"."OSSYS_EXTERNALPUBLISHTRACE"          0 KB       0行がインポートされました
. . "OSADMIN"."OSSYS_EMAIL_CONTENT"                 0 KB       0行がインポートされました
. . "OSADMIN"."OSSYS_PLATFORMCONFIG"            34.36 KB      93行がインポートされました
. . "OSADMIN"."OSLOG_REQUESTEVENT_8"                0 KB       0行がインポートされました
. . "OSADMIN"."OSSYS_SERVERCAPABILITY"          5.671 KB       7行がインポートされました
. . "OSADMIN"."OSLOG_MR_DETAIL_6"                   0 KB       0行がインポートされました
. . "OSADMIN"."OSUSR_UTN_BACKGROU"              5.578 KB       3行がインポートされました
. . "OSADMIN"."OSLOG_REQUESTEVENT_0"                0 KB       0行がインポートされました
. . "OSADMIN"."OSUSR_QIV_REQUESTD"                  0 KB       0行がインポートされました
. . "OSADMIN"."OSUSR_RTV_TEMPLAT1"                  0 KB       0行がインポートされました
. . "OSADMIN"."OSLOG_SRVAPI_DETAIL_8"               0 KB       0行がインポートされました
. . "OSADMIN"."OSEVT_GROUP"                         0 KB       0行がインポートされました
. . "OSADMIN"."OSSYS__MLDEPRECATED_AU"          6.945 KB      12行がインポートされました
. . "OSADMIN"."OSSYS_SOL_PUB_STEPS_PROFILE"     5.609 KB       5行がインポートされました
. . "OSADMIN"."OSSYS__MLAPISTATUS"              14.24 KB      57行がインポートされました
. . "OSADMIN"."OSSYS_APP_MOBBUILD_PUBPLAN"          0 KB       0行がインポートされました
. . "OSADMIN"."OSSYS_AREA_ENTRY_POINT"              0 KB       0行がインポートされました
. . "OSADMIN"."OSLOG_SRVAPI_DETAIL_3"               0 KB       0行がインポートされました
. . "OSADMIN"."OSSYS_GROUP"                         0 KB       0行がインポートされました
. . "OSADMIN"."OSSYS_ASYNC_OP_LOGICALDATABASE"      0 KB       0行がインポートされました
. . "OSADMIN"."OSSYS_SOLUTION"                  11.06 KB       1行がインポートされました
. . "OSADMIN"."OSSYS_ESPACE_ENTITY"             11.36 KB     133行がインポートされました
. . "OSADMIN"."OSSYS_TENANTVIEWS_LOCK"              0 KB       0行がインポートされました
. . "OSADMIN"."OSSYS_FM_FEATURE"                    0 KB       0行がインポートされました
. . "OSADMIN"."OSSYS_AUDITTYPE"                 6.007 KB       3行がインポートされました
. . "OSADMIN"."OSLOG_MR_DETAIL_5"                   0 KB       0行がインポートされました
. . "OSADMIN"."OSLOG_EXTENSION_2"               911.4 KB    5166行がインポートされました
. . "OSADMIN"."OSSYS_APP_MOBILE_BASE"               0 KB       0行がインポートされました
. . "OSADMIN"."OSSYS_INT_OBJ_CNT_EXTRAINFO"         0 KB       0行がインポートされました
. . "OSADMIN"."OSSYS_ESPACE_EXTENSION"              0 KB       0行がインポートされました
. . "OSADMIN"."OSSYS_BPM_EVENT_QUEUE_LOCK"          0 KB       0行がインポートされました
. . "OSADMIN"."OSLOG_INT_DETAIL_9"                  0 KB       0行がインポートされました
. . "OSADMIN"."OSSYS_USER_ROLE"                     0 KB       0行がインポートされました
. . "OSADMIN"."OSSYS__MLNATIVEAPPSTAT"          11.92 KB      27行がインポートされました
. . "OSADMIN"."OSLOG_MOBILE_REQUEST_7"              0 KB       0行がインポートされました
. . "OSADMIN"."OSSYS_SOL_PUB_UNIT_STATUS"       5.664 KB       7行がインポートされました
. . "OSADMIN"."OSSYS_PATHHEADER"                    0 KB       0行がインポートされました
. . "OSADMIN"."OSSYS_DEVELOPER_OPERATION"           0 KB       0行がインポートされました
. . "OSADMIN"."OSLOG_INT_DETAIL_2"                  0 KB       0行がインポートされました
. . "OSADMIN"."OSSYS_BPM_PROCESS_DEFINITION"    10.17 KB       1行がインポートされました
. . "OSADMIN"."OSUSR_I8Y__MLLDAPSUPPO"          6.437 KB       2行がインポートされました
. . "OSADMIN"."OSSYS_PATHRULEKIND"              5.609 KB       4行がインポートされました
. . "OSADMIN"."OSUSR_LC9_MENUITEM"              6.031 KB       1行がインポートされました
. . "OSADMIN"."OSSYS_ENTITY"                    111.1 KB     410行がインポートされました
. . "OSADMIN"."OSSYS_CALLBACK_EXCLUDEDAPP"          0 KB       0行がインポートされました
. . "OSADMIN"."OSSYS_ENVIRONMENT_FEATURE"           0 KB       0行がインポートされました
. . "OSADMIN"."OSLOG_SRVAPI_DETAIL_5"               0 KB       0行がインポートされました
. . "OSADMIN"."OSSYS_MODULE_STATUSMESSAGETYPE"  7.523 KB      17行がインポートされました
. . "OSADMIN"."OSLOG_EXTENSION_8"                   0 KB       0行がインポートされました
. . "OSADMIN"."OSLOG_EXTENSION_9"                   0 KB       0行がインポートされました
. . "OSADMIN"."OSSYS_BPM_ACTIVITY_OUTPUT_DEF"       0 KB       0行がインポートされました
. . "OSADMIN"."OSLOG_WEB_SERVICE_5"                 0 KB       0行がインポートされました
. . "OSADMIN"."OSLOG_SRVAPI_DETAIL_1"               0 KB       0行がインポートされました
. . "OSADMIN"."OSLOG_ERROR_DETAIL_8"                0 KB       0行がインポートされました
. . "OSADMIN"."OSSYS_APP_SECURITY"                  0 KB       0行がインポートされました
. . "OSADMIN"."OSSYS_RECOMPILATION_LOG"             0 KB       0行がインポートされました
. . "OSADMIN"."OSLOG_REQUESTEVENT_9"                0 KB       0行がインポートされました
. . "OSADMIN"."OSUSR_S41_RULE_GRO"                  0 KB       0行がインポートされました
. . "OSADMIN"."OSSYS_REPORT_INTEGRATION"            0 KB       0行がインポートされました
. . "OSADMIN"."OSUSR_S41_FEEDBAC3"                  0 KB       0行がインポートされました
. . "OSADMIN"."OSLOG_CYCLIC_JOB_2"              31.24 KB     119行がインポートされました
. . "OSADMIN"."OSSYS_DEBUG_SESSION_DATA"            0 KB       0行がインポートされました
. . "OSADMIN"."OSUSR_LC9_ACTIVITY"                  0 KB       0行がインポートされました
. . "OSADMIN"."OSLOG_CYCLIC_JOB_9"                  0 KB       0行がインポートされました
. . "OSADMIN"."OSLOG_WEB_REFERENCE_7"               0 KB       0行がインポートされました
. . "OSADMIN"."OSSYS_COMMITMESSAGE"             7.015 KB      21行がインポートされました
. . "OSADMIN"."OSSYS_WEB_REFERENCE_EXTENSION"       0 KB       0行がインポートされました
. . "OSADMIN"."OSSYS_ESPACE_VERSION"            40.80 MB      22行がインポートされました
. . "OSADMIN"."OSSYS_SITEHEADER"                    0 KB       0行がインポートされました
. . "OSADMIN"."OSUSR_LC9_SEEN_ACT"                  0 KB       0行がインポートされました
. . "OSADMIN"."OSLOG_INTEGRATION_8"                 0 KB       0行がインポートされました
. . "OSADMIN"."OSUSR_S41_THEME_ES"                  0 KB       0行がインポートされました
. . "OSADMIN"."OSSYS_DEVELOPER_ADDPERM"         5.617 KB       1行がインポートされました
. . "OSADMIN"."OSLOG_ERROR_DETAIL_3"                0 KB       0行がインポートされました
. . "OSADMIN"."OSSYS_PARAMETER"                 11.60 KB      61行がインポートされました
. . "OSADMIN"."OSSYS_SOL_PUB_PLAN_STATE"        5.585 KB       3行がインポートされました
. . "OSADMIN"."OSUSR_S41__MLHTTPSTATU"          6.648 KB       9行がインポートされました
. . "OSADMIN"."OSSYS_APPOVERREXTCONFIG"             0 KB       0行がインポートされました
. . "OSADMIN"."OSUSR_I8Y__MLMENUITEM"           6.453 KB       2行がインポートされました
. . "OSADMIN"."OSSYS_SITE_PROPERTY_DEFINITION"  37.28 KB     192行がインポートされました
. . "OSADMIN"."OSLOG_CYCLIC_JOB_8"                  0 KB       0行がインポートされました
. . "OSADMIN"."OSSYS_ZONE"                          0 KB       0行がインポートされました
. . "OSADMIN"."OSEVT_ROLE"                      8.414 KB       1行がインポートされました
. . "OSADMIN"."OSLOG_MOBILE_REQUEST_9"              0 KB       0行がインポートされました
. . "OSADMIN"."OSLOG_REQUESTEVENT_3"                0 KB       0行がインポートされました
. . "OSADMIN"."OSLOG_MOBILE_REQUEST_5"              0 KB       0行がインポートされました
. . "OSADMIN"."OSSYS_REPORT_TYPE"               5.671 KB       9行がインポートされました
. . "OSADMIN"."OSSYS_PURPOSE"                   6.054 KB       4行がインポートされました
. . "OSADMIN"."OSLOG_GENERAL_5"                     0 KB       0行がインポートされました
. . "OSADMIN"."OSSYS_BASIC_TYPE"                6.265 KB      14行がインポートされました
. . "OSADMIN"."OSSYS__MLAPPMOBILE_BTY"          6.921 KB       6行がインポートされました
. . "OSADMIN"."OSLOG_CYCLIC_JOB_4"                  0 KB       0行がインポートされました
. . "OSADMIN"."OSSYS_DEVELOPER"                 18.29 KB       8行がインポートされました
. . "OSADMIN"."OSUSR_6WD_CFGFILE"                   0 KB       0行がインポートされました
. . "OSADMIN"."OSUSR_S41_RULE"                      0 KB       0行がインポートされました
. . "OSADMIN"."OSSYS_DEPLOYPHASE"               6.085 KB       3行がインポートされました
. . "OSADMIN"."OSUSR_RTV_TEMPLATE"              6.539 KB       2行がインポートされました
. . "OSADMIN"."OSUSR_6WD_USERSES1"                  0 KB       0行がインポートされました
. . "OSADMIN"."OSSYS__MLAPP_MOBILE_BU"          7.148 KB      12行がインポートされました
. . "OSADMIN"."OSSYS_WEB_SERVICE"               10.35 KB      15行がインポートされました
. . "OSADMIN"."OSLOG_SCREEN_6"                      0 KB       0行がインポートされました
. . "OSADMIN"."OSUSR_S41_FEEDBAC2"                  0 KB       0行がインポートされました
. . "OSADMIN"."OSSYS_SITE_PROPERTY_SHARED"      11.40 KB     170行がインポートされました
. . "OSADMIN"."OSSYS_BPM_EVENT_QUEUE"               0 KB       0行がインポートされました
. . "OSADMIN"."OSSYS_MODULE"                    7.195 KB      51行がインポートされました
. . "OSADMIN"."OSSYS_REPORT_HOURLYUSA"              0 KB       0行がインポートされました
. . "OSADMIN"."OSSYS_SPACE"                     6.039 KB       8行がインポートされました
. . "OSADMIN"."OSSYS_ENV_CSP"                       0 KB       0行がインポートされました
. . "OSADMIN"."OSSYS_SOLUTION_PUBLISH_STATE"    6.218 KB       9行がインポートされました
. . "OSADMIN"."OSUSR_6WD_LOGINATT"                  0 KB       0行がインポートされました
. . "OSADMIN"."OSSYS_SOLUTION_PUBLISH_STEP"     8.546 KB      14行がインポートされました
. . "OSADMIN"."OSSYS_EMAIL_STATUS"                  0 KB       0行がインポートされました
. . "OSADMIN"."OSSYS_BPM_ACTIVITY_KIND"         5.726 KB      10行がインポートされました
. . "OSADMIN"."OSSYS_ASYNC_OP_DBCATALOG"            0 KB       0行がインポートされました
. . "OSADMIN"."OSUSR_S41_APPCONFI"                  0 KB       0行がインポートされました
. . "OSADMIN"."OSSYS_IOS_CONFIG_DETAILS"            0 KB       0行がインポートされました
. . "OSADMIN"."OSSYS_BPM_PROCESS_DEPENDENCY"    7.117 KB       1行がインポートされました
. . "OSADMIN"."OSLOG_MR_DETAIL_0"                   0 KB       0行がインポートされました
. . "OSADMIN"."OSSYS_APP_CSP"                       0 KB       0行がインポートされました
. . "OSADMIN"."OSLOG_WEB_SERVICE_0"                 0 KB       0行がインポートされました
. . "OSADMIN"."OSUSR_6WD_AUTHENTI"              6.609 KB       6行がインポートされました
. . "OSADMIN"."OSSYS_APP_MOB_BUILD_MABS"            0 KB       0行がインポートされました
. . "OSADMIN"."OSSYS_APISTATUS"                 10.23 KB      19行がインポートされました
. . "OSADMIN"."OSSYS_ESPACE_LAST_PUB_HASH"          0 KB       0行がインポートされました
. . "OSADMIN"."OSSYS_CALLBACKLOCATION"          6.687 KB       4行がインポートされました
. . "OSADMIN"."OSSYS_TEMP_ANDROID_DOWNLOAD"         0 KB       0行がインポートされました
オブジェクト型SCHEMA_EXPORT/TABLE/GRANT/OWNER_GRANT/OBJECT_GRANTの処理中です
オブジェクト型SCHEMA_EXPORT/PACKAGE/PACKAGE_SPECの処理中です
オブジェクト型SCHEMA_EXPORT/PACKAGE/GRANT/OWNER_GRANT/OBJECT_GRANTの処理中です
オブジェクト型SCHEMA_EXPORT/FUNCTION/FUNCTIONの処理中です
オブジェクト型SCHEMA_EXPORT/FUNCTION/GRANT/OWNER_GRANT/OBJECT_GRANTの処理中です
オブジェクト型SCHEMA_EXPORT/PROCEDURE/PROCEDUREの処理中です
オブジェクト型SCHEMA_EXPORT/PROCEDURE/GRANT/OWNER_GRANT/OBJECT_GRANTの処理中です
オブジェクト型SCHEMA_EXPORT/PACKAGE/COMPILE_PACKAGE/PACKAGE_SPEC/ALTER_PACKAGE_SPECの処理中です
オブジェクト型SCHEMA_EXPORT/FUNCTION/ALTER_FUNCTIONの処理中です
オブジェクト型SCHEMA_EXPORT/PROCEDURE/ALTER_PROCEDUREの処理中です
オブジェクト型SCHEMA_EXPORT/VIEW/VIEWの処理中です
オブジェクト型SCHEMA_EXPORT/VIEW/GRANT/OWNER_GRANT/OBJECT_GRANTの処理中です
オブジェクト型SCHEMA_EXPORT/PACKAGE/PACKAGE_BODYの処理中です
オブジェクト型SCHEMA_EXPORT/TABLE/INDEX/INDEXの処理中です
オブジェクト型SCHEMA_EXPORT/TABLE/INDEX/FUNCTIONAL_INDEX/INDEXの処理中です
オブジェクト型SCHEMA_EXPORT/TABLE/CONSTRAINT/CONSTRAINTの処理中です
オブジェクト型SCHEMA_EXPORT/TABLE/INDEX/STATISTICS/INDEX_STATISTICSの処理中です
オブジェクト型SCHEMA_EXPORT/TABLE/INDEX/STATISTICS/FUNCTIONAL_INDEX/INDEX_STATISTICSの処理中です
オブジェクト型SCHEMA_EXPORT/TABLE/CONSTRAINT/REF_CONSTRAINTの処理中です
オブジェクト型SCHEMA_EXPORT/TABLE/TRIGGERの処理中です
オブジェクト型SCHEMA_EXPORT/TABLE/STATISTICS/TABLE_STATISTICSの処理中です
オブジェクト型SCHEMA_EXPORT/STATISTICS/MARKERの処理中です
OSADMIN.PK_OSSYS_BPM_ACTIVITY_OUTPUT : sqlerrm = ORA-20000: Unable to set values for index PK_OSSYS_BPM_ACTIVITY_OUTPUT: does not exist or insufficient privileges
OSADMIN.OSPRK_OSUSR_6WD_SAMLUSER : sqlerrm = ORA-20000: Unable to set values for index OSPRK_OSUSR_6WD_SAMLUSER: does not exist or insufficient privileges
OSADMIN.OSPRK_OSUSR_6WD_USERSESS : sqlerrm = ORA-20000: Unable to set values for index OSPRK_OSUSR_6WD_USERSESS: does not exist or insufficient privileges
OSADMIN.OSPRK_OSUSR_6WD_SAMLMESS : sqlerrm = ORA-20000: Unable to set values for index OSPRK_OSUSR_6WD_SAMLMESS: does not exist or insufficient privileges
OSADMIN.PK_OSSYS_BPM_PROCESS_OUTPUT : sqlerrm = ORA-20000: Unable to set values for index PK_OSSYS_BPM_PROCESS_OUTPUT: does not exist or insufficient privileges
OSADMIN.OSPRK_OSUSR_6WD_CFGFBIN : sqlerrm = ORA-20000: Unable to set values for index OSPRK_OSUSR_6WD_CFGFBIN: does not exist or insufficient privileges
OSADMIN.PK_OSSYS_BPM_PROCESS : sqlerrm = ORA-20000: Unable to set values for index PK_OSSYS_BPM_PROCESS: does not exist or insufficient privileges
Importing statistics failed for 7 object(s); 
オブジェクト型SCHEMA_EXPORT/POST_SCHEMA/PROCACT_SCHEMAの処理中です
ORA-39082: オブジェクト型PROCEDURE:"OSADMIN"."MOVEDATA_SERVERINVOCATIONFACT"の作成の際、コンパイル・エラーが発生しました
ORA-39082: オブジェクト型PROCEDURE:"OSADMIN"."MOVEDATA_REQUESTFACT"の作成の際、コンパイル・エラーが発生しました
ジョブ"SYS"."SYS_IMPORT_SCHEMA_01"が完了しましたが、10エラーが木 5月 9 13:54:58 2024 elapsed 0 00:02:31で発生しています
